////////////////////////////////////////////////////////////////////////////////
///////////////////InstallShield Media Library Report Summary///////////////////
////////////////////////////////////////////////////////////////////////////////

Media Name      : Default
Report Filename : D:\My Installations\PCSpim\Media\Default\Report Files\12-23-2000 1.28.12PM.rpt
Date            : 12/23/2000
Time            : 1:28PM

Number of Components:                4 
Number of File Groups:               4 
Number of Files:                     6 
Total Size of Files:         1,280,210 (bytes)

==========
COMPONENTS
==========


     Program Files
     Example Files
     Help Files
     Shared DLLs


////////////////////////////////////////////////////////////////////////////////
/////////////////////////////////Report Details/////////////////////////////////
////////////////////////////////////////////////////////////////////////////////


================================================================================
                           COMPONENT: "Program Files"
================================================================================

SUMMARY:
    Total Files:                2 (files for this component only)
    Source Bytes:         191,691 (files for this component only)


                      **** File Group: "Program DLLs" ****


<Directory>: E:\larus\Software\SPIM\src

    Filename                    Date        Time      Size         Version      
    --------------------------  ----------  --------  -----------  -------------
    trap.handler                12/11/2000  21:11:40        3,210               
    --------------------------  ----------  --------  -----------  -------------
    Count=1                                                 3,210               


                **** File Group: "Program Executable Files" ****


<Directory>: E:\larus\Software\SPIM\PCSpim\Release

    Filename                    Date        Time      Size         Version      
    --------------------------  ----------  --------  -----------  -------------
    pcspim.exe                  12/23/2000  12:35:48      188,481  1.0.0.1      
    --------------------------  ----------  --------  -----------  -------------
    Count=1                                               188,481               


================================================================================
                            COMPONENT: "Help Files"
================================================================================

SUMMARY:
    Total Files:                2 (files for this component only)
    Source Bytes:         219,803 (files for this component only)


                       **** File Group: "Help Files" ****


<Directory>: E:\larus\Software\SPIM\PCSpim\Release

    Filename                    Date        Time      Size         Version      
    --------------------------  ----------  --------  -----------  -------------
    PCSpim.cnt                  08/15/1997  00:11:08          173               
    PCSPIM.HLP                  12/23/2000  12:34:55       27,939               
    --------------------------  ----------  --------  -----------  -------------
    Count=2                                                28,112               


================================================================================
                            COMPONENT: "Shared DLLs"
================================================================================

SUMMARY:
    Total Files:                2 (files for this component only)
    Source Bytes:       1,280,210 (files for this component only)


                      **** File Group: "Shared DLLs" ****


<Directory>: D:\WINNT\system32

    Filename                    Date        Time      Size         Version      
    --------------------------  ----------  --------  -----------  -------------
    mfc42.dll                   12/07/1999  04:00:00      995,383  6.0.8665.0   
    msvcrt40.dll                12/07/1999  04:00:00       65,024  4.2000.0.6201
    --------------------------  ----------  --------  -----------  -------------
    Count=2                                             1,060,407               
