////////////////////////////////////////////////////////////////////////////////
///////////////////InstallShield Media Library Report Summary///////////////////
////////////////////////////////////////////////////////////////////////////////

Media Name      : Default
Report Filename : D:\Larus\Software\SPIM\InstallShield\PCSpim\Media\Default\Report Files\7-07-2004 9.11.33PM.rpt
Date            : 07/07/2004
Time            : 9:11PM

Number of Components:                4 
Number of File Groups:               4 
Number of Files:                     6 
Total Size of Files:         1,297,795 (bytes)

==========
COMPONENTS
==========


     Program Files
     Example Files
     Help Files
     Shared DLLs


////////////////////////////////////////////////////////////////////////////////
/////////////////////////////////Report Details/////////////////////////////////
////////////////////////////////////////////////////////////////////////////////


================================================================================
                           COMPONENT: "Program Files"
================================================================================

SUMMARY:
    Total Files:                2 (files for this component only)
    Source Bytes:         209,670 (files for this component only)


                      **** File Group: "Program DLLs" ****


<Directory>: D:\Larus\Software\SPIM\src

    Filename                    Date        Time      Size         Version      
    --------------------------  ----------  --------  -----------  -------------
    exceptions.s                03/12/2004  23:36:18        4,805               
    --------------------------  ----------  --------  -----------  -------------
    Count=1                                                 4,805               


                **** File Group: "Program Executable Files" ****


<Directory>: D:\Larus\Software\SPIM\PCSpim\Release

    Filename                    Date        Time      Size         Version      
    --------------------------  ----------  --------  -----------  -------------
    pcspim.exe                  07/07/2004  20:25:12      204,865  7.0.0.0      
    --------------------------  ----------  --------  -----------  -------------
    Count=1                                               204,865               


================================================================================
                            COMPONENT: "Help Files"
================================================================================

SUMMARY:
    Total Files:                2 (files for this component only)
    Source Bytes:         237,388 (files for this component only)


                       **** File Group: "Help Files" ****


<Directory>: D:\Larus\Software\SPIM\PCSpim

    Filename                    Date        Time      Size         Version      
    --------------------------  ----------  --------  -----------  -------------
    PCSpim.cnt                  01/05/2002  14:28:56          165               
    PCSPIM.HLP                  12/24/2000  14:35:02       27,553               
    --------------------------  ----------  --------  -----------  -------------
    Count=2                                                27,718               


================================================================================
                            COMPONENT: "Shared DLLs"
================================================================================

SUMMARY:
    Total Files:                2 (files for this component only)
    Source Bytes:       1,297,795 (files for this component only)


                      **** File Group: "Shared DLLs" ****


<Directory>: C:\WINDOWS\system32

    Filename                    Date        Time      Size         Version      
    --------------------------  ----------  --------  -----------  -------------
    mfc42.dll                   08/23/2001  05:00:00      995,383  6.0.8665.0   
    msvcrt40.dll                08/23/2001  05:00:00       65,024  4.2000.0.6201
    --------------------------  ----------  --------  -----------  -------------
    Count=2                                             1,060,407               
