////////////////////////////////////////////////////////////////////////////////
///////////////////InstallShield Media Library Report Summary///////////////////
////////////////////////////////////////////////////////////////////////////////

Media Name      : Default
Report Filename : D:\My Installations\PCSpim\Media\Default\Report Files\12-23-2000 12.51.09PM.rpt
Date            : 12/23/2000
Time            : 12:51PM

Number of Components:                4 
Number of File Groups:               0 
Number of Files:                     0 
Total Size of Files:                 0 (bytes)

==========
COMPONENTS
==========


     Program Files
     Example Files
     Help Files
     Shared DLLs


////////////////////////////////////////////////////////////////////////////////
/////////////////////////////////Report Details/////////////////////////////////
////////////////////////////////////////////////////////////////////////////////


================================================================================
                                 COMPONENT: ""
================================================================================

SUMMARY:
    Total Files:                0 (files for this component only)
    Source Bytes:               0 (files for this component only)
